# JRE version: Java(TM) SE Runtime Environment (19.0.1+10) (build 19.0.1+10-21)
# Java VM: Java HotSpot(TM) 64-Bit Server VM (19.0.1+10-21, mixed mode, emulated-client, sharing, tiered, compressed oops, compressed class ptrs, g1 gc, windows-amd64)
GC Precious Log:
 CardTable entry size: 512
 Card Set container configuration: InlinePtr #cards 5 size 8 Array Of Cards #cards 12 size 40 Howl #buckets 4 coarsen threshold 1843 Howl Bitmap #cards 512 size 80 coarsen threshold 460 Card regions per heap region 1 cards per card region 2048
 CPUs: 4 total, 4 available
 Memory: 8071M
 Large Page Support: Disabled
 NUMA Support: Disabled
 Compressed Oops: Enabled (32-bit)
 Heap Region Size: 1M
 Heap Min Capacity: 8M
 Heap Initial Capacity: 128M
 Heap Max Capacity: 2018M
 Pre-touch: Disabled
 Parallel Workers: 4
 Concurrent Workers: 1
 Concurrent Refinement Workers: 4
 Periodic GC: Disabled
Heap:
 garbage-first heap   total 104448K, used 56088K [0x0000000081e00000, 0x0000000100000000)
  region size 1024K, 2 young (2048K), 2 survivors (2048K)
 Metaspace       used 69718K, committed 70592K, reserved 1114112K
  class space    used 9830K, committed 10240K, reserved 1048576K
GC Heap History (20 events):
Event: 16.765 GC heap after
{Heap after GC invocations=20 (full 0):
 garbage-first heap   total 65536K, used 30671K [0x0000000081e00000, 0x0000000100000000)
  region size 1024K, 2 young (2048K), 2 survivors (2048K)
 Metaspace       used 61699K, committed 62336K, reserved 1114112K
  class space    used 8813K, committed 9088K, reserved 1048576K
}
Event: 16.803 GC heap before
{Heap before GC invocations=20 (full 0):
 garbage-first heap   total 65536K, used 31695K [0x0000000081e00000, 0x0000000100000000)
  region size 1024K, 3 young (3072K), 2 survivors (2048K)
 Metaspace       used 61766K, committed 62464K, reserved 1114112K
  class space    used 8827K, committed 9152K, reserved 1048576K
}
Event: 16.809 GC heap after
{Heap after GC invocations=21 (full 0):
 garbage-first heap   total 65536K, used 30747K [0x0000000081e00000, 0x0000000100000000)
  region size 1024K, 1 young (1024K), 1 survivors (1024K)
 Metaspace       used 61766K, committed 62464K, reserved 1114112K
  class space    used 8827K, committed 9152K, reserved 1048576K
}
Event: 17.142 GC heap before
{Heap before GC invocations=21 (full 0):
 garbage-first heap   total 65536K, used 51227K [0x0000000081e00000, 0x0000000100000000)
  region size 1024K, 22 young (22528K), 1 survivors (1024K)
 Metaspace       used 62445K, committed 63168K, reserved 1114112K
  class space    used 8915K, committed 9280K, reserved 1048576K
}
Event: 17.145 GC heap after
{Heap after GC invocations=22 (full 0):
 garbage-first heap   total 65536K, used 31531K [0x0000000081e00000, 0x0000000100000000)
  region size 1024K, 2 young (2048K), 2 survivors (2048K)
 Metaspace       used 62445K, committed 63168K, reserved 1114112K
  class space    used 8915K, committed 9280K, reserved 1048576K
}
Event: 17.762 GC heap before
{Heap before GC invocations=23 (full 0):
 garbage-first heap   total 65536K, used 53035K [0x0000000081e00000, 0x0000000100000000)
  region size 1024K, 23 young (23552K), 2 survivors (2048K)
 Metaspace       used 66037K, committed 66688K, reserved 1114112K
  class space    used 9343K, committed 9664K, reserved 1048576K
}
Event: 17.766 GC heap after
{Heap after GC invocations=24 (full 0):
 garbage-first heap   total 65536K, used 32478K [0x0000000081e00000, 0x0000000100000000)
  region size 1024K, 3 young (3072K), 3 survivors (3072K)
 Metaspace       used 66037K, committed 66688K, reserved 1114112K
  class space    used 9343K, committed 9664K, reserved 1048576K
}
Event: 18.294 GC heap before
{Heap before GC invocations=24 (full 0):
 garbage-first heap   total 65536K, used 52958K [0x0000000081e00000, 0x0000000100000000)
  region size 1024K, 23 young (23552K), 3 survivors (3072K)
 Metaspace       used 67199K, committed 67968K, reserved 1114112K
  class space    used 9498K, committed 9856K, reserved 1048576K
}
Event: 18.299 GC heap after
{Heap after GC invocations=25 (full 0):
 garbage-first heap   total 65536K, used 33385K [0x0000000081e00000, 0x0000000100000000)
  region size 1024K, 2 young (2048K), 2 survivors (2048K)
 Metaspace       used 67199K, committed 67968K, reserved 1114112K
  class space    used 9498K, committed 9856K, reserved 1048576K
}
Event: 19.184 GC heap before
{Heap before GC invocations=25 (full 0):
 garbage-first heap   total 65536K, used 53865K [0x0000000081e00000, 0x0000000100000000)
  region size 1024K, 22 young (22528K), 2 survivors (2048K)
 Metaspace       used 69605K, committed 70400K, reserved 1114112K
  class space    used 9813K, committed 10176K, reserved 1048576K
}
Event: 19.192 GC heap after
{Heap after GC invocations=26 (full 0):
 garbage-first heap   total 65536K, used 34999K [0x0000000081e00000, 0x0000000100000000)
  region size 1024K, 3 young (3072K), 3 survivors (3072K)
 Metaspace       used 69605K, committed 70400K, reserved 1114112K
  class space    used 9813K, committed 10176K, reserved 1048576K
}
Event: 19.360 GC heap before
{Heap before GC invocations=26 (full 0):
 garbage-first heap   total 65536K, used 52407K [0x0000000081e00000, 0x0000000100000000)
  region size 1024K, 21 young (21504K), 3 survivors (3072K)
 Metaspace       used 69610K, committed 70400K, reserved 1114112K
  class space    used 9814K, committed 10176K, reserved 1048576K
}
Event: 19.368 GC heap after
{Heap after GC invocations=27 (full 0):
 garbage-first heap   total 78848K, used 38601K [0x0000000081e00000, 0x0000000100000000)
  region size 1024K, 3 young (3072K), 3 survivors (3072K)
 Metaspace       used 69610K, committed 70400K, reserved 1114112K
  class space    used 9814K, committed 10176K, reserved 1048576K
}
Event: 19.626 GC heap before
{Heap before GC invocations=27 (full 0):
 garbage-first heap   total 78848K, used 62153K [0x0000000081e00000, 0x0000000100000000)
  region size 1024K, 26 young (26624K), 3 survivors (3072K)
 Metaspace       used 69623K, committed 70400K, reserved 1114112K
  class space    used 9816K, committed 10176K, reserved 1048576K
}
Event: 19.634 GC heap after
{Heap after GC invocations=28 (full 0):
 garbage-first heap   total 78848K, used 44405K [0x0000000081e00000, 0x0000000100000000)
  region size 1024K, 4 young (4096K), 4 survivors (4096K)
 Metaspace       used 69623K, committed 70400K, reserved 1114112K
  class space    used 9816K, committed 10176K, reserved 1048576K
}
Event: 19.827 GC heap before
{Heap before GC invocations=28 (full 0):
 garbage-first heap   total 78848K, used 60789K [0x0000000081e00000, 0x0000000100000000)
  region size 1024K, 21 young (21504K), 4 survivors (4096K)
 Metaspace       used 69718K, committed 70592K, reserved 1114112K
  class space    used 9830K, committed 10240K, reserved 1048576K
}
Event: 19.841 GC heap after
{Heap after GC invocations=29 (full 0):
 garbage-first heap   total 78848K, used 50176K [0x0000000081e00000, 0x0000000100000000)
  region size 1024K, 3 young (3072K), 3 survivors (3072K)
 Metaspace       used 69718K, committed 70592K, reserved 1114112K
  class space    used 9830K, committed 10240K, reserved 1048576K
}
Event: 19.928 GC heap before
{Heap before GC invocations=29 (full 0):
 garbage-first heap   total 78848K, used 61440K [0x0000000081e00000, 0x0000000100000000)
  region size 1024K, 15 young (15360K), 3 survivors (3072K)
 Metaspace       used 69718K, committed 70592K, reserved 1114112K
  class space    used 9830K, committed 10240K, reserved 1048576K
}
Event: 19.933 GC heap after
{Heap after GC invocations=30 (full 0):
 garbage-first heap   total 78848K, used 53248K [0x0000000081e00000, 0x0000000100000000)
  region size 1024K, 2 young (2048K), 2 survivors (2048K)
 Metaspace       used 69718K, committed 70592K, reserved 1114112K
  class space    used 9830K, committed 10240K, reserved 1048576K
}
Event: 20.017 GC heap before
{Heap before GC invocations=30 (full 0):
 garbage-first heap   total 104448K, used 62464K [0x0000000081e00000, 0x0000000100000000)
  region size 1024K, 12 young (12288K), 2 survivors (2048K)
 Metaspace       used 69718K, committed 70592K, reserved 1114112K
  class space    used 9830K, committed 10240K, reserved 1048576K
}

